C:\Program Files (x86)\Microsoft Visual Studio\2019\Enterprise\MSBuild\Microsoft\VC\v160\Microsoft.CppBuild.targets(513,5): warning MSB8028: 中间目录(x64\Release\)包含从另一个项目(kernel-csgo-usermode.vcxproj)共享的文件。   这会导致错误的清除和重新生成行为。
  cheat.cpp
  The contents of <numbers> are available only with C++20 or later.
F:\c盘备份\驱动源码\kernel-csgo-master\kernel-csgo-usermode\cheat.cpp(35,62): warning C4244: “参数”: 从“double”转换到“DWORD”，可能丢失数据
F:\c盘备份\驱动源码\kernel-csgo-master\kernel-csgo-usermode\cheat.cpp(35,58): warning C4244: “参数”: 从“double”转换到“DWORD”，可能丢失数据
F:\c盘备份\驱动源码\kernel-csgo-master\kernel-csgo-usermode\cheat.cpp(90,39): warning C4474: printf: 格式字符串中传递的参数太多
F:\c盘备份\驱动源码\kernel-csgo-master\kernel-csgo-usermode\cheat.cpp(90,39): message : 占位符和其参数预计 0 可变参数，但提供的却是 1 参数
F:\c盘备份\驱动源码\kernel-csgo-master\kernel-csgo-usermode\driver_control.hpp(38,17): warning C4244: “=”: 从“t”转换到“ULONG”，可能丢失数据
          with
          [
              t=float
          ]
F:\c盘备份\驱动源码\kernel-csgo-master\kernel-csgo-usermode\cheat.cpp(302): message : 查看对正在编译的函数 模板 实例化“void driver_control::write_memory<float>(ULONG,ULONG,t)”的引用
          with
          [
              t=float
          ]
  driver_control.cpp
  hook.cpp
  memory.cpp
  Source.cpp
  正在生成代码
  Previous IPDB not found, fall back to full compilation.
  All 25 functions were compiled because no usable IPDB/IOBJ from previous compilation was found.
  已完成代码的生成
  kernel-csgo-usermode.vcxproj -> F:\c盘备份\驱动源码\kernel-csgo-master\x64\Release\WeGame.exe
